## 2025-05-14 00:18:04 
MSigDB import: 0.09077668 
Testing 158 gene sets:
PERT-PSP_VIRUS_INFECTIONPERT-PSP_SORBITOLPERT-PSP_UVPERT-PSP_THROMBINPERT-PSP_VANADATE   PERT-PSP_TNFPERT-PSP_U0126  


 
 


PERT-PSP_PHORBOL_ESTER_IONOMYCIN 
PERT-PSP_PHORBOL_ESTER 
PERT-PSP_PD98059 
PERT-PSP_PAR2_ACTIVATING_PEPTIDE 
PERT-PSP_PAR1_ACTIVATING_PEPTIDE 
PERT-PSP_OKADAIC_ACID 
PERT-PSP_LPS 
PERT-PSP_LPA 
PERT-PSP_INSULIN 
PERT-PSP_IMATINIB 
PERT-PSP_IL_2 
PERT-PSP_IL_1B 
PERT-PSP_IL_1A 
PERT-PSP_HGF 
PERT-PSP_HEREGULIN 
PERT-PSP_H2O2 
PERT-PSP_GEFITINIB 
PERT-PSP_FIBRONECTIN 
PERT-PSP_FGF2 
PERT-PSP_FGF1 
PERT-PSP_ETOPOSIDE 
PERT-PSP_ERLOTINIB 
PERT-PSP_EGF 
PERT-PSP_DASATINIB 
PERT-PSP_CYCLIC_STRETCH 
PERT-PSP_CXCL12 
PERT-PSP_CISPLATIN 
PERT-PSP_BACTERIAL_INFECTION 
PERT-PSP_ARSENITE 
PERT-PSP_ANTI_IGM 
PERT-PSP_ANTI_CD3 
PERT-PSP_ANISOMYCIN 
PERT-P100-DIA2_VORINOSTAT 
PERT-P100-DIA2_SOTRASTAURIN 
PERT-P100-DIA2_RGFP966 
PERT-P100-DIA2_RESVERATROL 
PERT-P100-DIA2_PAZOPANIB 
PERT-P100-DIA2_OSI-027 
PERT-P100-DIA2_MOMELOTINIB 
PERT-P100-DIA2_LOSMAPIMOD 
PERT-P100-DIA2_LENALIDOMIDE 
PERT-P100-DIA2_IPI145 
PERT-P100-DIA2_GELDANAMYCIN 
PERT-P100-DIA2_EXIFONE 
PERT-P100-DIA2_ERLOTINIB 
PERT-P100-DIA2_DMSO 
PERT-P100-DIA2_CI-994 
PATH-WP_Non-small_cell_lung_cancer 
PATH-NP_TWEAK_PATHWAY 
PATH-NP_TSLP_PATHWAY 
PATH-NP_TIE2_PATHWAY 
PATH-NP_T_CELL_RECEPTOR_PATHWAY 
PATH-NP_PROLACTIN_PATHWAY 
PATH-NP_OXYTOCIN_PATHWAY 
PATH-NP_NOTCH_PATHWAY 
PATH-NP_LEPTIN_PATHWAY 
PATH-NP_KIT_RECEPTOR_PATHWAY 
PATH-NP_IL33_PATHWAY 
PATH-NP_GLP1_PATHWAY 
PATH-NP_FGF1_PATHWAY 
PATH-NP_EGFR1_PATHWAY 
PATH-NP_CRH_PATHWAY 
PATH-NP_CCR7_PATHWAY 
PATH-NP_B_CELL_RECEPTOR_PATHWAY 
PATH-NP_AGE_RAGE_PATHWAY 
PATH-BI_ISCHEMIA 
KINASE-PSP_ZAP70 
KINASE-PSP_Syk/SYK 
KINASE-PSP_Src/SRC 
KINASE-PSP_Ret/RET 
KINASE-PSP_PDGFRB 
KINASE-PSP_MKK7/MAP2K7 
KINASE-PSP_MKK4/MAP2K4 
KINASE-PSP_MEKK6/MAP3K6 
KINASE-PSP_MEK1/MAP2K1 
KINASE-PSP_LYN 
KINASE-PSP_Lck/LCK 
KINASE-PSP_Fyn/FYN 
KINASE-PSP_EGFR 
KINASE-PSP_ASK1/MAP3K5 
KINASE-PSP_Abl/ABL1 
KINASE-iKiP_ZAP70 
KINASE-iKiP_YES1 
KINASE-iKiP_TYRO3 
KINASE-iKiP_TXK 
KINASE-iKiP_TNK1 
KINASE-iKiP_TEK 
KINASE-iKiP_TEC 
KINASE-iKiP_SYK 
KINASE-iKiP_SRMS 
KINASE-iKiP_ROS1 
KINASE-iKiP_RET 
KINASE-iKiP_PTK6 
KINASE-iKiP_PTK2B 
KINASE-iKiP_PTK2.FAK 
KINASE-iKiP_PDGFRA 
KINASE-iKiP_NTRK3 
KINASE-iKiP_NTRK2 
KINASE-iKiP_NTRK1 
KINASE-iKiP_NPM1:ALK 
KINASE-iKiP_MUSK 
KINASE-iKiP_MET 
KINASE-iKiP_MERTK.MER 
KINASE-iKiP_MATK.CTK 
KINASE-iKiP_MAPK8.JNK1 
KINASE-iKiP_MAPK3.ERK1 
KINASE-iKiP_MAPK10.JNK3 
KINASE-iKiP_MAPK1.ERK2 
KINASE-iKiP_LYNB.LYN 
KINASE-iKiP_LYNA.LYN 
KINASE-iKiP_LTK 
KINASE-iKiP_LCK 
KINASE-iKiP_KIT 
KINASE-iKiP_JAK3 
KINASE-iKiP_INSRR 
KINASE-iKiP_INSR 
KINASE-iKiP_IGF1R 
KINASE-iKiP_HCK 
KINASE-iKiP_FLT3 
KINASE-iKiP_FGR 
KINASE-iKiP_FGFR3 
KINASE-iKiP_FGFR2 
KINASE-iKiP_FGFR1 
KINASE-iKiP_FES 
KINASE-iKiP_FER 
KINASE-iKiP_ERBB4 
KINASE-iKiP_EPHB4 
KINASE-iKiP_EPHB3 
KINASE-iKiP_EPHB2 
KINASE-iKiP_EPHB1 
KINASE-iKiP_EPHA8 
KINASE-iKiP_EPHA6 
KINASE-iKiP_EPHA5 
KINASE-iKiP_EPHA4 
KINASE-iKiP_EPHA3 
KINASE-iKiP_EPHA2 
KINASE-iKiP_EPHA1 
KINASE-iKiP_EGFR 
KINASE-iKiP_DDR2 
KINASE-iKiP_CSF1R.FMS 
KINASE-iKiP_BMX 
KINASE-iKiP_AXL 
KINASE-iKiP_ALK 
KINASE-iKiP_ABL2 
DISEASE-PSP_type_2_diabetes 
DISEASE-PSP_neuroblastoma 
DISEASE-PSP_HNSCC 
DISEASE-PSP_glioma 
DISEASE-PSP_chronic_myelogenous_leukemia 
DISEASE-PSP_breast_cancer 
DISEASE-PSP_acute_myelogenous_leukemia 
